
> mini_project@0.1.0 dev
> next dev

   ▲ Next.js 16.0.0 (Turbopack)
   - Local:        http://localhost:3000
   - Network:      http://10.123.244.13:3000
   - Environments: .env.local

 ✓ Starting...
 ✓ Ready in 3s
 ○ Compiling / ...
 GET / 200 in 5.6s (compile: 5.1s, render: 508ms)
 GET /analytics 200 in 1982ms (compile: 1034ms, render: 948ms)
 GET /learn?skill=Sets%20and%20Relations 200 in 1904ms (compile: 1360ms, render: 544ms)
 GET /login 200 in 1948ms (compile: 1223ms, render: 725ms)
 GET /learn?skill=Sets%20and%20Relations 200 in 1981ms (compile: 1477ms, render: 504ms)
 GET /learn 200 in 1994ms (compile: 1389ms, render: 605ms)
 GET /login 200 in 17ms (compile: 3ms, render: 14ms)
 GET /login 200 in 77ms (compile: 4ms, render: 74ms)
 GET /dashboard 200 in 869ms (compile: 806ms, render: 62ms)
 GET /learn 200 in 21ms (compile: 3ms, render: 18ms)
 GET /skill-tree 200 in 762ms (compile: 718ms, render: 44ms)
 GET /learning-path?skillId=1&skillName=Sets+and+Relations 200 in 950ms (compile: 900ms, render: 51ms)
 GET /learning-path?skillId=1&skillName=Sets+and+Relations 200 in 253ms (compile: 144ms, render: 109ms)
 GET /learn?skill=Sets+and+Relations 200 in 41ms (compile: 3ms, render: 37ms)
 GET /learn?skill=Sets+and+Relations 200 in 25ms (compile: 3ms, render: 23ms)
 GET /skill-tree 200 in 12ms (compile: 2ms, render: 10ms)
 GET /learn 200 in 13ms (compile: 1842µs, render: 11ms)
 GET /skill-tree 200 in 66ms (compile: 3ms, render: 63ms)
 GET /learn 200 in 18ms (compile: 3ms, render: 16ms)
 GET /learn 200 in 14ms (compile: 3ms, render: 12ms)
 GET /dashboard 200 in 15ms (compile: 1830µs, render: 14ms)
 GET /skill-tree 200 in 19ms (compile: 2ms, render: 17ms)
 GET /learn 200 in 15ms (compile: 2ms, render: 13ms)
 GET /learn 200 in 61ms (compile: 3ms, render: 58ms)
 GET /login 200 in 40ms (compile: 8ms, render: 33ms)
 GET /dashboard 200 in 14ms (compile: 2ms, render: 12ms)
 GET /learn 200 in 21ms (compile: 3ms, render: 17ms)
 GET / 200 in 53ms (compile: 3ms, render: 50ms)
 GET /learn 200 in 140ms (compile: 2ms, render: 138ms)
 GET /login 200 in 15ms (compile: 2ms, render: 13ms)
 GET /dashboard 200 in 16ms (compile: 2ms, render: 13ms)
 GET /flashcards 200 in 937ms (compile: 885ms, render: 52ms)
 GET /learn 200 in 14ms (compile: 2ms, render: 11ms)
 GET /skill-tree 200 in 13ms (compile: 2ms, render: 11ms)
 GET /learn 200 in 16ms (compile: 1922µs, render: 14ms)
 GET /analytics 200 in 17ms (compile: 1906µs, render: 15ms)
 GET /skill-tree 200 in 13ms (compile: 1885µs, render: 11ms)
 GET /learn 200 in 14ms (compile: 2ms, render: 12ms)
 GET /learn 200 in 15ms (compile: 1986µs, render: 13ms)
